{"D:\\Documents\\Tous_mes_cours_ESGI\\Clean code\\4-AL1-ESGI-leitner-system\\backend\\src\\adaptors\\primary\\CardController.js": {"path":"D:\\Documents\\Tous_mes_cours_ESGI\\Clean code\\4-AL1-ESGI-leitner-system\\backend\\src\\adaptors\\primary\\CardController.js","statementMap":{"0":{"start":{"line":1,"column":16},"end":{"line":1,"column":34}},"1":{"start":{"line":2,"column":20},"end":{"line":2,"column":72}},"2":{"start":{"line":6,"column":8},"end":{"line":6,"column":39}},"3":{"start":{"line":7,"column":8},"end":{"line":7,"column":45}},"4":{"start":{"line":8,"column":8},"end":{"line":8,"column":30}},"5":{"start":{"line":12,"column":8},"end":{"line":12,"column":58}},"6":{"start":{"line":13,"column":8},"end":{"line":13,"column":61}},"7":{"start":{"line":14,"column":8},"end":{"line":14,"column":73}},"8":{"start":{"line":18,"column":8},"end":{"line":23,"column":9}},"9":{"start":{"line":19,"column":25},"end":{"line":19,"column":62}},"10":{"start":{"line":20,"column":12},"end":{"line":20,"column":39}},"11":{"start":{"line":22,"column":12},"end":{"line":22,"column":59}},"12":{"start":{"line":27,"column":8},"end":{"line":32,"column":9}},"13":{"start":{"line":28,"column":25},"end":{"line":28,"column":72}},"14":{"start":{"line":29,"column":12},"end":{"line":29,"column":27}},"15":{"start":{"line":31,"column":12},"end":{"line":31,"column":59}},"16":{"start":{"line":36,"column":8},"end":{"line":49,"column":9}},"17":{"start":{"line":37,"column":32},"end":{"line":37,"column":40}},"18":{"start":{"line":38,"column":12},"end":{"line":40,"column":13}},"19":{"start":{"line":39,"column":16},"end":{"line":39,"column":57}},"20":{"start":{"line":41,"column":32},"end":{"line":43,"column":75}},"21":{"start":{"line":45,"column":12},"end":{"line":45,"column":46}},"22":{"start":{"line":47,"column":31},"end":{"line":47,"column":83}},"23":{"start":{"line":48,"column":12},"end":{"line":48,"column":66}},"24":{"start":{"line":53,"column":0},"end":{"line":53,"column":45}}},"fnMap":{"0":{"name":"(anonymous_0)","decl":{"start":{"line":5,"column":4},"end":{"line":5,"column":5}},"loc":{"start":{"line":5,"column":18},"end":{"line":9,"column":5}},"line":5},"1":{"name":"(anonymous_1)","decl":{"start":{"line":11,"column":4},"end":{"line":11,"column":5}},"loc":{"start":{"line":11,"column":21},"end":{"line":15,"column":5}},"line":11},"2":{"name":"(anonymous_2)","decl":{"start":{"line":17,"column":4},"end":{"line":17,"column":5}},"loc":{"start":{"line":17,"column":25},"end":{"line":24,"column":5}},"line":17},"3":{"name":"(anonymous_3)","decl":{"start":{"line":26,"column":4},"end":{"line":26,"column":5}},"loc":{"start":{"line":26,"column":22},"end":{"line":33,"column":5}},"line":26},"4":{"name":"(anonymous_4)","decl":{"start":{"line":35,"column":4},"end":{"line":35,"column":5}},"loc":{"start":{"line":35,"column":25},"end":{"line":50,"column":5}},"line":35}},"branchMap":{"0":{"loc":{"start":{"line":38,"column":12},"end":{"line":40,"column":13}},"type":"if","locations":[{"start":{"line":38,"column":12},"end":{"line":40,"column":13}},{"start":{},"end":{}}],"line":38},"1":{"loc":{"start":{"line":41,"column":32},"end":{"line":43,"column":75}},"type":"cond-expr","locations":[{"start":{"line":42,"column":18},"end":{"line":42,"column":73}},{"start":{"line":43,"column":18},"end":{"line":43,"column":75}}],"line":41},"2":{"loc":{"start":{"line":47,"column":31},"end":{"line":47,"column":83}},"type":"cond-expr","locations":[{"start":{"line":47,"column":74},"end":{"line":47,"column":77}},{"start":{"line":47,"column":80},"end":{"line":47,"column":83}}],"line":47}},"s":{"0":1,"1":1,"2":1,"3":1,"4":1,"5":1,"6":1,"7":1,"8":1,"9":1,"10":1,"11":0,"12":2,"13":2,"14":2,"15":0,"16":2,"17":2,"18":2,"19":0,"20":2,"21":2,"22":0,"23":0,"24":1},"f":{"0":1,"1":1,"2":1,"3":2,"4":2},"b":{"0":[0,2],"1":[1,1],"2":[0,0]},"_coverageSchema":"1a1c01bbd47fc00a2c39e90264f33305004495a9","hash":"a6bd0e1ecf92e289b5781fbee7498531a03bacf7"}
,"D:\\Documents\\Tous_mes_cours_ESGI\\Clean code\\4-AL1-ESGI-leitner-system\\backend\\src\\adaptors\\primary\\QuizController.js": {"path":"D:\\Documents\\Tous_mes_cours_ESGI\\Clean code\\4-AL1-ESGI-leitner-system\\backend\\src\\adaptors\\primary\\QuizController.js","statementMap":{"0":{"start":{"line":1,"column":16},"end":{"line":1,"column":34}},"1":{"start":{"line":2,"column":20},"end":{"line":2,"column":72}},"2":{"start":{"line":6,"column":8},"end":{"line":6,"column":39}},"3":{"start":{"line":7,"column":8},"end":{"line":7,"column":45}},"4":{"start":{"line":8,"column":8},"end":{"line":8,"column":30}},"5":{"start":{"line":12,"column":8},"end":{"line":12,"column":58}},"6":{"start":{"line":13,"column":8},"end":{"line":13,"column":70}},"7":{"start":{"line":14,"column":8},"end":{"line":14,"column":75}},"8":{"start":{"line":15,"column":8},"end":{"line":15,"column":76}},"9":{"start":{"line":19,"column":8},"end":{"line":24,"column":9}},"10":{"start":{"line":20,"column":25},"end":{"line":20,"column":62}},"11":{"start":{"line":21,"column":12},"end":{"line":21,"column":39}},"12":{"start":{"line":23,"column":12},"end":{"line":23,"column":59}},"13":{"start":{"line":28,"column":8},"end":{"line":33,"column":9}},"14":{"start":{"line":29,"column":12},"end":{"line":29,"column":58}},"15":{"start":{"line":30,"column":12},"end":{"line":30,"column":62}},"16":{"start":{"line":32,"column":12},"end":{"line":32,"column":59}},"17":{"start":{"line":37,"column":8},"end":{"line":47,"column":9}},"18":{"start":{"line":38,"column":42},"end":{"line":38,"column":50}},"19":{"start":{"line":39,"column":12},"end":{"line":41,"column":13}},"20":{"start":{"line":40,"column":16},"end":{"line":40,"column":56}},"21":{"start":{"line":42,"column":12},"end":{"line":42,"column":80}},"22":{"start":{"line":43,"column":12},"end":{"line":43,"column":35}},"23":{"start":{"line":45,"column":31},"end":{"line":45,"column":78}},"24":{"start":{"line":46,"column":12},"end":{"line":46,"column":66}},"25":{"start":{"line":51,"column":8},"end":{"line":56,"column":9}},"26":{"start":{"line":52,"column":12},"end":{"line":52,"column":61}},"27":{"start":{"line":53,"column":12},"end":{"line":53,"column":64}},"28":{"start":{"line":55,"column":12},"end":{"line":55,"column":59}},"29":{"start":{"line":60,"column":0},"end":{"line":60,"column":45}}},"fnMap":{"0":{"name":"(anonymous_0)","decl":{"start":{"line":5,"column":4},"end":{"line":5,"column":5}},"loc":{"start":{"line":5,"column":18},"end":{"line":9,"column":5}},"line":5},"1":{"name":"(anonymous_1)","decl":{"start":{"line":11,"column":4},"end":{"line":11,"column":5}},"loc":{"start":{"line":11,"column":21},"end":{"line":16,"column":5}},"line":11},"2":{"name":"(anonymous_2)","decl":{"start":{"line":18,"column":4},"end":{"line":18,"column":5}},"loc":{"start":{"line":18,"column":25},"end":{"line":25,"column":5}},"line":18},"3":{"name":"(anonymous_3)","decl":{"start":{"line":27,"column":4},"end":{"line":27,"column":5}},"loc":{"start":{"line":27,"column":24},"end":{"line":34,"column":5}},"line":27},"4":{"name":"(anonymous_4)","decl":{"start":{"line":36,"column":4},"end":{"line":36,"column":5}},"loc":{"start":{"line":36,"column":27},"end":{"line":48,"column":5}},"line":36},"5":{"name":"(anonymous_5)","decl":{"start":{"line":50,"column":4},"end":{"line":50,"column":5}},"loc":{"start":{"line":50,"column":27},"end":{"line":57,"column":5}},"line":50}},"branchMap":{"0":{"loc":{"start":{"line":39,"column":12},"end":{"line":41,"column":13}},"type":"if","locations":[{"start":{"line":39,"column":12},"end":{"line":41,"column":13}},{"start":{},"end":{}}],"line":39},"1":{"loc":{"start":{"line":39,"column":16},"end":{"line":39,"column":57}},"type":"binary-expr","locations":[{"start":{"line":39,"column":16},"end":{"line":39,"column":23}},{"start":{"line":39,"column":27},"end":{"line":39,"column":57}}],"line":39},"2":{"loc":{"start":{"line":45,"column":31},"end":{"line":45,"column":78}},"type":"cond-expr","locations":[{"start":{"line":45,"column":69},"end":{"line":45,"column":72}},{"start":{"line":45,"column":75},"end":{"line":45,"column":78}}],"line":45}},"s":{"0":1,"1":1,"2":1,"3":1,"4":1,"5":1,"6":1,"7":1,"8":1,"9":1,"10":1,"11":1,"12":0,"13":2,"14":2,"15":2,"16":0,"17":1,"18":1,"19":1,"20":0,"21":1,"22":1,"23":0,"24":0,"25":1,"26":1,"27":1,"28":0,"29":1},"f":{"0":1,"1":1,"2":1,"3":2,"4":1,"5":1},"b":{"0":[0,1],"1":[1,1],"2":[0,0]},"_coverageSchema":"1a1c01bbd47fc00a2c39e90264f33305004495a9","hash":"c51993c731e04e99ac23e912995bddbe4919e75e"}
,"D:\\Documents\\Tous_mes_cours_ESGI\\Clean code\\4-AL1-ESGI-leitner-system\\backend\\src\\adaptors\\primary\\UserController.js": {"path":"D:\\Documents\\Tous_mes_cours_ESGI\\Clean code\\4-AL1-ESGI-leitner-system\\backend\\src\\adaptors\\primary\\UserController.js","statementMap":{"0":{"start":{"line":1,"column":16},"end":{"line":1,"column":34}},"1":{"start":{"line":2,"column":20},"end":{"line":2,"column":72}},"2":{"start":{"line":6,"column":8},"end":{"line":6,"column":39}},"3":{"start":{"line":7,"column":8},"end":{"line":7,"column":45}},"4":{"start":{"line":8,"column":8},"end":{"line":8,"column":30}},"5":{"start":{"line":12,"column":8},"end":{"line":12,"column":64}},"6":{"start":{"line":13,"column":8},"end":{"line":13,"column":58}},"7":{"start":{"line":14,"column":8},"end":{"line":14,"column":93}},"8":{"start":{"line":18,"column":8},"end":{"line":23,"column":9}},"9":{"start":{"line":19,"column":25},"end":{"line":19,"column":62}},"10":{"start":{"line":20,"column":12},"end":{"line":20,"column":39}},"11":{"start":{"line":22,"column":12},"end":{"line":22,"column":59}},"12":{"start":{"line":27,"column":8},"end":{"line":36,"column":9}},"13":{"start":{"line":28,"column":40},"end":{"line":28,"column":48}},"14":{"start":{"line":29,"column":34},"end":{"line":29,"column":90}},"15":{"start":{"line":30,"column":12},"end":{"line":32,"column":13}},"16":{"start":{"line":31,"column":16},"end":{"line":31,"column":78}},"17":{"start":{"line":33,"column":12},"end":{"line":33,"column":66}},"18":{"start":{"line":35,"column":12},"end":{"line":35,"column":59}},"19":{"start":{"line":40,"column":8},"end":{"line":45,"column":9}},"20":{"start":{"line":41,"column":12},"end":{"line":41,"column":83}},"21":{"start":{"line":42,"column":12},"end":{"line":42,"column":35}},"22":{"start":{"line":44,"column":12},"end":{"line":44,"column":59}},"23":{"start":{"line":49,"column":0},"end":{"line":49,"column":45}}},"fnMap":{"0":{"name":"(anonymous_0)","decl":{"start":{"line":5,"column":4},"end":{"line":5,"column":5}},"loc":{"start":{"line":5,"column":18},"end":{"line":9,"column":5}},"line":5},"1":{"name":"(anonymous_1)","decl":{"start":{"line":11,"column":4},"end":{"line":11,"column":5}},"loc":{"start":{"line":11,"column":21},"end":{"line":15,"column":5}},"line":11},"2":{"name":"(anonymous_2)","decl":{"start":{"line":17,"column":4},"end":{"line":17,"column":5}},"loc":{"start":{"line":17,"column":23},"end":{"line":24,"column":5}},"line":17},"3":{"name":"(anonymous_3)","decl":{"start":{"line":26,"column":4},"end":{"line":26,"column":5}},"loc":{"start":{"line":26,"column":26},"end":{"line":37,"column":5}},"line":26},"4":{"name":"(anonymous_4)","decl":{"start":{"line":39,"column":4},"end":{"line":39,"column":5}},"loc":{"start":{"line":39,"column":34},"end":{"line":46,"column":5}},"line":39}},"branchMap":{"0":{"loc":{"start":{"line":30,"column":12},"end":{"line":32,"column":13}},"type":"if","locations":[{"start":{"line":30,"column":12},"end":{"line":32,"column":13}},{"start":{},"end":{}}],"line":30}},"s":{"0":1,"1":1,"2":1,"3":1,"4":1,"5":1,"6":1,"7":1,"8":1,"9":1,"10":1,"11":0,"12":2,"13":2,"14":2,"15":2,"16":2,"17":0,"18":0,"19":0,"20":0,"21":0,"22":0,"23":1},"f":{"0":1,"1":1,"2":1,"3":2,"4":0},"b":{"0":[2,0]},"_coverageSchema":"1a1c01bbd47fc00a2c39e90264f33305004495a9","hash":"65dfa1931311ce31296f012bc9749cff62c757e3"}
,"D:\\Documents\\Tous_mes_cours_ESGI\\Clean code\\4-AL1-ESGI-leitner-system\\backend\\src\\domain\\models\\Card.js": {"path":"D:\\Documents\\Tous_mes_cours_ESGI\\Clean code\\4-AL1-ESGI-leitner-system\\backend\\src\\domain\\models\\Card.js","statementMap":{"0":{"start":{"line":1,"column":23},"end":{"line":1,"column":38}},"1":{"start":{"line":4,"column":24},"end":{"line":4,"column":99}},"2":{"start":{"line":7,"column":8},"end":{"line":7,"column":34}},"3":{"start":{"line":9,"column":8},"end":{"line":9,"column":27}},"4":{"start":{"line":10,"column":8},"end":{"line":10,"column":39}},"5":{"start":{"line":11,"column":8},"end":{"line":11,"column":35}},"6":{"start":{"line":12,"column":8},"end":{"line":12,"column":29}},"7":{"start":{"line":13,"column":8},"end":{"line":13,"column":32}},"8":{"start":{"line":14,"column":8},"end":{"line":14,"column":35}},"9":{"start":{"line":18,"column":8},"end":{"line":20,"column":9}},"10":{"start":{"line":19,"column":12},"end":{"line":19,"column":52}},"11":{"start":{"line":21,"column":8},"end":{"line":23,"column":9}},"12":{"start":{"line":22,"column":12},"end":{"line":22,"column":50}},"13":{"start":{"line":27,"column":29},"end":{"line":27,"column":67}},"14":{"start":{"line":28,"column":8},"end":{"line":30,"column":9}},"15":{"start":{"line":29,"column":12},"end":{"line":29,"column":62}},"16":{"start":{"line":31,"column":8},"end":{"line":31,"column":41}},"17":{"start":{"line":35,"column":8},"end":{"line":35,"column":32}},"18":{"start":{"line":36,"column":8},"end":{"line":36,"column":41}},"19":{"start":{"line":40,"column":0},"end":{"line":40,"column":22}}},"fnMap":{"0":{"name":"(anonymous_0)","decl":{"start":{"line":6,"column":4},"end":{"line":6,"column":5}},"loc":{"start":{"line":6,"column":23},"end":{"line":15,"column":5}},"line":6},"1":{"name":"(anonymous_1)","decl":{"start":{"line":17,"column":4},"end":{"line":17,"column":5}},"loc":{"start":{"line":17,"column":25},"end":{"line":24,"column":5}},"line":17},"2":{"name":"(anonymous_2)","decl":{"start":{"line":26,"column":4},"end":{"line":26,"column":5}},"loc":{"start":{"line":26,"column":22},"end":{"line":32,"column":5}},"line":26},"3":{"name":"(anonymous_3)","decl":{"start":{"line":34,"column":4},"end":{"line":34,"column":5}},"loc":{"start":{"line":34,"column":24},"end":{"line":37,"column":5}},"line":34}},"branchMap":{"0":{"loc":{"start":{"line":18,"column":8},"end":{"line":20,"column":9}},"type":"if","locations":[{"start":{"line":18,"column":8},"end":{"line":20,"column":9}},{"start":{},"end":{}}],"line":18},"1":{"loc":{"start":{"line":21,"column":8},"end":{"line":23,"column":9}},"type":"if","locations":[{"start":{"line":21,"column":8},"end":{"line":23,"column":9}},{"start":{},"end":{}}],"line":21},"2":{"loc":{"start":{"line":28,"column":8},"end":{"line":30,"column":9}},"type":"if","locations":[{"start":{"line":28,"column":8},"end":{"line":30,"column":9}},{"start":{},"end":{}}],"line":28}},"s":{"0":5,"1":5,"2":44,"3":42,"4":42,"5":42,"6":42,"7":42,"8":42,"9":44,"10":1,"11":43,"12":1,"13":13,"14":13,"15":12,"16":13,"17":2,"18":2,"19":5},"f":{"0":44,"1":44,"2":13,"3":2},"b":{"0":[1,43],"1":[1,42],"2":[12,1]},"_coverageSchema":"1a1c01bbd47fc00a2c39e90264f33305004495a9","hash":"23a3916b7631e3950a55b3d49735bf6636082113"}
,"D:\\Documents\\Tous_mes_cours_ESGI\\Clean code\\4-AL1-ESGI-leitner-system\\backend\\src\\domain\\models\\Quiz.js": {"path":"D:\\Documents\\Tous_mes_cours_ESGI\\Clean code\\4-AL1-ESGI-leitner-system\\backend\\src\\domain\\models\\Quiz.js","statementMap":{"0":{"start":{"line":1,"column":23},"end":{"line":1,"column":38}},"1":{"start":{"line":4,"column":22},"end":{"line":8,"column":5}},"2":{"start":{"line":13,"column":8},"end":{"line":13,"column":46}},"3":{"start":{"line":15,"column":8},"end":{"line":15,"column":27}},"4":{"start":{"line":16,"column":8},"end":{"line":16,"column":29}},"5":{"start":{"line":17,"column":8},"end":{"line":17,"column":39}},"6":{"start":{"line":18,"column":8},"end":{"line":18,"column":32}},"7":{"start":{"line":19,"column":8},"end":{"line":19,"column":44}},"8":{"start":{"line":20,"column":8},"end":{"line":20,"column":30}},"9":{"start":{"line":21,"column":8},"end":{"line":21,"column":32}},"10":{"start":{"line":22,"column":8},"end":{"line":22,"column":34}},"11":{"start":{"line":26,"column":8},"end":{"line":28,"column":9}},"12":{"start":{"line":27,"column":12},"end":{"line":27,"column":50}},"13":{"start":{"line":29,"column":8},"end":{"line":31,"column":9}},"14":{"start":{"line":30,"column":12},"end":{"line":30,"column":64}},"15":{"start":{"line":35,"column":8},"end":{"line":37,"column":9}},"16":{"start":{"line":36,"column":12},"end":{"line":36,"column":69}},"17":{"start":{"line":38,"column":8},"end":{"line":38,"column":48}},"18":{"start":{"line":39,"column":8},"end":{"line":39,"column":36}},"19":{"start":{"line":43,"column":8},"end":{"line":45,"column":9}},"20":{"start":{"line":44,"column":12},"end":{"line":44,"column":70}},"21":{"start":{"line":46,"column":8},"end":{"line":48,"column":9}},"22":{"start":{"line":47,"column":12},"end":{"line":47,"column":76}},"23":{"start":{"line":49,"column":8},"end":{"line":49,"column":46}},"24":{"start":{"line":50,"column":8},"end":{"line":50,"column":38}},"25":{"start":{"line":54,"column":8},"end":{"line":56,"column":9}},"26":{"start":{"line":55,"column":12},"end":{"line":55,"column":74}},"27":{"start":{"line":57,"column":8},"end":{"line":59,"column":9}},"28":{"start":{"line":57,"column":37},"end":{"line":57,"column":55}},"29":{"start":{"line":58,"column":12},"end":{"line":58,"column":54}},"30":{"start":{"line":60,"column":8},"end":{"line":60,"column":45}},"31":{"start":{"line":64,"column":8},"end":{"line":64,"column":69}},"32":{"start":{"line":64,"column":41},"end":{"line":64,"column":67}},"33":{"start":{"line":68,"column":8},"end":{"line":68,"column":70}},"34":{"start":{"line":68,"column":41},"end":{"line":68,"column":68}},"35":{"start":{"line":72,"column":22},"end":{"line":72,"column":39}},"36":{"start":{"line":73,"column":25},"end":{"line":73,"column":55}},"37":{"start":{"line":74,"column":8},"end":{"line":79,"column":10}},"38":{"start":{"line":83,"column":8},"end":{"line":86,"column":12}},"39":{"start":{"line":83,"column":81},"end":{"line":86,"column":9}},"40":{"start":{"line":90,"column":0},"end":{"line":90,"column":22}}},"fnMap":{"0":{"name":"(anonymous_0)","decl":{"start":{"line":12,"column":4},"end":{"line":12,"column":5}},"loc":{"start":{"line":12,"column":41},"end":{"line":23,"column":5}},"line":12},"1":{"name":"(anonymous_1)","decl":{"start":{"line":25,"column":4},"end":{"line":25,"column":5}},"loc":{"start":{"line":25,"column":37},"end":{"line":32,"column":5}},"line":25},"2":{"name":"(anonymous_2)","decl":{"start":{"line":34,"column":4},"end":{"line":34,"column":5}},"loc":{"start":{"line":34,"column":12},"end":{"line":40,"column":5}},"line":34},"3":{"name":"(anonymous_3)","decl":{"start":{"line":42,"column":4},"end":{"line":42,"column":5}},"loc":{"start":{"line":42,"column":15},"end":{"line":51,"column":5}},"line":42},"4":{"name":"(anonymous_4)","decl":{"start":{"line":53,"column":4},"end":{"line":53,"column":5}},"loc":{"start":{"line":53,"column":36},"end":{"line":61,"column":5}},"line":53},"5":{"name":"(anonymous_5)","decl":{"start":{"line":57,"column":29},"end":{"line":57,"column":30}},"loc":{"start":{"line":57,"column":37},"end":{"line":57,"column":55}},"line":57},"6":{"name":"(anonymous_6)","decl":{"start":{"line":63,"column":4},"end":{"line":63,"column":5}},"loc":{"start":{"line":63,"column":23},"end":{"line":65,"column":5}},"line":63},"7":{"name":"(anonymous_7)","decl":{"start":{"line":64,"column":33},"end":{"line":64,"column":34}},"loc":{"start":{"line":64,"column":41},"end":{"line":64,"column":67}},"line":64},"8":{"name":"(anonymous_8)","decl":{"start":{"line":67,"column":4},"end":{"line":67,"column":5}},"loc":{"start":{"line":67,"column":24},"end":{"line":69,"column":5}},"line":67},"9":{"name":"(anonymous_9)","decl":{"start":{"line":68,"column":33},"end":{"line":68,"column":34}},"loc":{"start":{"line":68,"column":41},"end":{"line":68,"column":68}},"line":68},"10":{"name":"(anonymous_10)","decl":{"start":{"line":71,"column":4},"end":{"line":71,"column":5}},"loc":{"start":{"line":71,"column":18},"end":{"line":80,"column":5}},"line":71},"11":{"name":"(anonymous_11)","decl":{"start":{"line":82,"column":4},"end":{"line":82,"column":5}},"loc":{"start":{"line":82,"column":17},"end":{"line":87,"column":5}},"line":82},"12":{"name":"(anonymous_12)","decl":{"start":{"line":83,"column":55},"end":{"line":83,"column":56}},"loc":{"start":{"line":83,"column":81},"end":{"line":86,"column":9}},"line":83}},"branchMap":{"0":{"loc":{"start":{"line":17,"column":20},"end":{"line":17,"column":38}},"type":"binary-expr","locations":[{"start":{"line":17,"column":20},"end":{"line":17,"column":24}},{"start":{"line":17,"column":28},"end":{"line":17,"column":38}}],"line":17},"1":{"loc":{"start":{"line":26,"column":8},"end":{"line":28,"column":9}},"type":"if","locations":[{"start":{"line":26,"column":8},"end":{"line":28,"column":9}},{"start":{},"end":{}}],"line":26},"2":{"loc":{"start":{"line":29,"column":8},"end":{"line":31,"column":9}},"type":"if","locations":[{"start":{"line":29,"column":8},"end":{"line":31,"column":9}},{"start":{},"end":{}}],"line":29},"3":{"loc":{"start":{"line":29,"column":12},"end":{"line":29,"column":55}},"type":"binary-expr","locations":[{"start":{"line":29,"column":12},"end":{"line":29,"column":33}},{"start":{"line":29,"column":37},"end":{"line":29,"column":55}}],"line":29},"4":{"loc":{"start":{"line":35,"column":8},"end":{"line":37,"column":9}},"type":"if","locations":[{"start":{"line":35,"column":8},"end":{"line":37,"column":9}},{"start":{},"end":{}}],"line":35},"5":{"loc":{"start":{"line":43,"column":8},"end":{"line":45,"column":9}},"type":"if","locations":[{"start":{"line":43,"column":8},"end":{"line":45,"column":9}},{"start":{},"end":{}}],"line":43},"6":{"loc":{"start":{"line":46,"column":8},"end":{"line":48,"column":9}},"type":"if","locations":[{"start":{"line":46,"column":8},"end":{"line":48,"column":9}},{"start":{},"end":{}}],"line":46},"7":{"loc":{"start":{"line":54,"column":8},"end":{"line":56,"column":9}},"type":"if","locations":[{"start":{"line":54,"column":8},"end":{"line":56,"column":9}},{"start":{},"end":{}}],"line":54},"8":{"loc":{"start":{"line":57,"column":8},"end":{"line":59,"column":9}},"type":"if","locations":[{"start":{"line":57,"column":8},"end":{"line":59,"column":9}},{"start":{},"end":{}}],"line":57}},"s":{"0":3,"1":3,"2":14,"3":12,"4":12,"5":12,"6":12,"7":12,"8":12,"9":12,"10":12,"11":14,"12":1,"13":13,"14":1,"15":9,"16":1,"17":8,"18":8,"19":3,"20":1,"21":2,"22":0,"23":2,"24":2,"25":7,"26":0,"27":7,"28":9,"29":0,"30":7,"31":3,"32":6,"33":4,"34":8,"35":1,"36":1,"37":1,"38":0,"39":0,"40":3},"f":{"0":14,"1":14,"2":9,"3":3,"4":7,"5":9,"6":3,"7":6,"8":4,"9":8,"10":1,"11":0,"12":0},"b":{"0":[12,4],"1":[1,13],"2":[1,12],"3":[13,13],"4":[1,8],"5":[1,2],"6":[0,2],"7":[0,7],"8":[0,7]},"_coverageSchema":"1a1c01bbd47fc00a2c39e90264f33305004495a9","hash":"b00db677e2d1716b24baa5d4fa623af0546c691f"}
,"D:\\Documents\\Tous_mes_cours_ESGI\\Clean code\\4-AL1-ESGI-leitner-system\\backend\\src\\domain\\models\\User.js": {"path":"D:\\Documents\\Tous_mes_cours_ESGI\\Clean code\\4-AL1-ESGI-leitner-system\\backend\\src\\domain\\models\\User.js","statementMap":{"0":{"start":{"line":1,"column":23},"end":{"line":1,"column":38}},"1":{"start":{"line":2,"column":15},"end":{"line":2,"column":32}},"2":{"start":{"line":8,"column":8},"end":{"line":8,"column":34}},"3":{"start":{"line":10,"column":8},"end":{"line":10,"column":27}},"4":{"start":{"line":11,"column":8},"end":{"line":11,"column":33}},"5":{"start":{"line":12,"column":8},"end":{"line":12,"column":39}},"6":{"start":{"line":13,"column":8},"end":{"line":13,"column":59}},"7":{"start":{"line":14,"column":8},"end":{"line":14,"column":37}},"8":{"start":{"line":15,"column":8},"end":{"line":15,"column":36}},"9":{"start":{"line":19,"column":8},"end":{"line":21,"column":9}},"10":{"start":{"line":20,"column":12},"end":{"line":20,"column":49}},"11":{"start":{"line":22,"column":8},"end":{"line":24,"column":9}},"12":{"start":{"line":23,"column":12},"end":{"line":23,"column":52}},"13":{"start":{"line":25,"column":8},"end":{"line":27,"column":9}},"14":{"start":{"line":26,"column":12},"end":{"line":26,"column":75}},"15":{"start":{"line":31,"column":27},"end":{"line":31,"column":55}},"16":{"start":{"line":32,"column":8},"end":{"line":32,"column":38}},"17":{"start":{"line":36,"column":26},"end":{"line":36,"column":60}},"18":{"start":{"line":37,"column":8},"end":{"line":37,"column":36}},"19":{"start":{"line":41,"column":8},"end":{"line":41,"column":45}},"20":{"start":{"line":45,"column":8},"end":{"line":45,"column":56}},"21":{"start":{"line":49,"column":8},"end":{"line":51,"column":9}},"22":{"start":{"line":50,"column":12},"end":{"line":50,"column":51}},"23":{"start":{"line":52,"column":8},"end":{"line":52,"column":37}},"24":{"start":{"line":56,"column":0},"end":{"line":56,"column":22}}},"fnMap":{"0":{"name":"(anonymous_0)","decl":{"start":{"line":7,"column":4},"end":{"line":7,"column":5}},"loc":{"start":{"line":7,"column":23},"end":{"line":16,"column":5}},"line":7},"1":{"name":"(anonymous_1)","decl":{"start":{"line":18,"column":4},"end":{"line":18,"column":5}},"loc":{"start":{"line":18,"column":25},"end":{"line":28,"column":5}},"line":18},"2":{"name":"(anonymous_2)","decl":{"start":{"line":30,"column":4},"end":{"line":30,"column":5}},"loc":{"start":{"line":30,"column":24},"end":{"line":33,"column":5}},"line":30},"3":{"name":"(anonymous_3)","decl":{"start":{"line":35,"column":4},"end":{"line":35,"column":5}},"loc":{"start":{"line":35,"column":22},"end":{"line":38,"column":5}},"line":35},"4":{"name":"(anonymous_4)","decl":{"start":{"line":40,"column":4},"end":{"line":40,"column":5}},"loc":{"start":{"line":40,"column":27},"end":{"line":42,"column":5}},"line":40},"5":{"name":"(anonymous_5)","decl":{"start":{"line":44,"column":4},"end":{"line":44,"column":5}},"loc":{"start":{"line":44,"column":35},"end":{"line":46,"column":5}},"line":44},"6":{"name":"(anonymous_6)","decl":{"start":{"line":48,"column":4},"end":{"line":48,"column":5}},"loc":{"start":{"line":48,"column":30},"end":{"line":53,"column":5}},"line":48}},"branchMap":{"0":{"loc":{"start":{"line":19,"column":8},"end":{"line":21,"column":9}},"type":"if","locations":[{"start":{"line":19,"column":8},"end":{"line":21,"column":9}},{"start":{},"end":{}}],"line":19},"1":{"loc":{"start":{"line":22,"column":8},"end":{"line":24,"column":9}},"type":"if","locations":[{"start":{"line":22,"column":8},"end":{"line":24,"column":9}},{"start":{},"end":{}}],"line":22},"2":{"loc":{"start":{"line":25,"column":8},"end":{"line":27,"column":9}},"type":"if","locations":[{"start":{"line":25,"column":8},"end":{"line":27,"column":9}},{"start":{},"end":{}}],"line":25},"3":{"loc":{"start":{"line":25,"column":12},"end":{"line":25,"column":56}},"type":"binary-expr","locations":[{"start":{"line":25,"column":12},"end":{"line":25,"column":27}},{"start":{"line":25,"column":31},"end":{"line":25,"column":56}}],"line":25},"4":{"loc":{"start":{"line":49,"column":8},"end":{"line":51,"column":9}},"type":"if","locations":[{"start":{"line":49,"column":8},"end":{"line":51,"column":9}},{"start":{},"end":{}}],"line":49}},"s":{"0":3,"1":3,"2":14,"3":11,"4":11,"5":11,"6":11,"7":11,"8":11,"9":14,"10":1,"11":13,"12":1,"13":12,"14":1,"15":13,"16":13,"17":4,"18":4,"19":11,"20":4,"21":4,"22":2,"23":2,"24":3},"f":{"0":14,"1":14,"2":13,"3":4,"4":11,"5":4,"6":4},"b":{"0":[1,13],"1":[1,12],"2":[1,11],"3":[12,12],"4":[2,2]},"_coverageSchema":"1a1c01bbd47fc00a2c39e90264f33305004495a9","hash":"1ee7ac5aead0b6d8049fa95bc897318b8bdb13ab"}
,"D:\\Documents\\Tous_mes_cours_ESGI\\Clean code\\4-AL1-ESGI-leitner-system\\backend\\src\\domain\\ports\\primary\\CardServicePort.js": {"path":"D:\\Documents\\Tous_mes_cours_ESGI\\Clean code\\4-AL1-ESGI-leitner-system\\backend\\src\\domain\\ports\\primary\\CardServicePort.js","statementMap":{"0":{"start":{"line":3,"column":8},"end":{"line":3,"column":51}},"1":{"start":{"line":7,"column":8},"end":{"line":7,"column":51}},"2":{"start":{"line":11,"column":8},"end":{"line":11,"column":51}},"3":{"start":{"line":15,"column":8},"end":{"line":15,"column":51}},"4":{"start":{"line":19,"column":8},"end":{"line":19,"column":51}},"5":{"start":{"line":23,"column":0},"end":{"line":23,"column":33}}},"fnMap":{"0":{"name":"(anonymous_0)","decl":{"start":{"line":2,"column":4},"end":{"line":2,"column":5}},"loc":{"start":{"line":2,"column":17},"end":{"line":4,"column":5}},"line":2},"1":{"name":"(anonymous_1)","decl":{"start":{"line":6,"column":4},"end":{"line":6,"column":5}},"loc":{"start":{"line":6,"column":24},"end":{"line":8,"column":5}},"line":6},"2":{"name":"(anonymous_2)","decl":{"start":{"line":10,"column":4},"end":{"line":10,"column":5}},"loc":{"start":{"line":10,"column":36},"end":{"line":12,"column":5}},"line":10},"3":{"name":"(anonymous_3)","decl":{"start":{"line":14,"column":4},"end":{"line":14,"column":5}},"loc":{"start":{"line":14,"column":32},"end":{"line":16,"column":5}},"line":14},"4":{"name":"(anonymous_4)","decl":{"start":{"line":18,"column":4},"end":{"line":18,"column":5}},"loc":{"start":{"line":18,"column":34},"end":{"line":20,"column":5}},"line":18}},"branchMap":{},"s":{"0":0,"1":0,"2":0,"3":0,"4":0,"5":0},"f":{"0":0,"1":0,"2":0,"3":0,"4":0},"b":{}}
,"D:\\Documents\\Tous_mes_cours_ESGI\\Clean code\\4-AL1-ESGI-leitner-system\\backend\\src\\domain\\ports\\primary\\QuizServicePort.js": {"path":"D:\\Documents\\Tous_mes_cours_ESGI\\Clean code\\4-AL1-ESGI-leitner-system\\backend\\src\\domain\\ports\\primary\\QuizServicePort.js","statementMap":{"0":{"start":{"line":3,"column":8},"end":{"line":3,"column":51}},"1":{"start":{"line":7,"column":8},"end":{"line":7,"column":51}},"2":{"start":{"line":11,"column":8},"end":{"line":11,"column":51}},"3":{"start":{"line":15,"column":8},"end":{"line":15,"column":51}},"4":{"start":{"line":19,"column":8},"end":{"line":19,"column":51}},"5":{"start":{"line":23,"column":0},"end":{"line":23,"column":33}}},"fnMap":{"0":{"name":"(anonymous_0)","decl":{"start":{"line":2,"column":4},"end":{"line":2,"column":5}},"loc":{"start":{"line":2,"column":25},"end":{"line":4,"column":5}},"line":2},"1":{"name":"(anonymous_1)","decl":{"start":{"line":6,"column":4},"end":{"line":6,"column":5}},"loc":{"start":{"line":6,"column":22},"end":{"line":8,"column":5}},"line":6},"2":{"name":"(anonymous_2)","decl":{"start":{"line":10,"column":4},"end":{"line":10,"column":5}},"loc":{"start":{"line":10,"column":44},"end":{"line":12,"column":5}},"line":10},"3":{"name":"(anonymous_3)","decl":{"start":{"line":14,"column":4},"end":{"line":14,"column":5}},"loc":{"start":{"line":14,"column":28},"end":{"line":16,"column":5}},"line":14},"4":{"name":"(anonymous_4)","decl":{"start":{"line":18,"column":4},"end":{"line":18,"column":5}},"loc":{"start":{"line":18,"column":25},"end":{"line":20,"column":5}},"line":18}},"branchMap":{},"s":{"0":0,"1":0,"2":0,"3":0,"4":0,"5":0},"f":{"0":0,"1":0,"2":0,"3":0,"4":0},"b":{}}
,"D:\\Documents\\Tous_mes_cours_ESGI\\Clean code\\4-AL1-ESGI-leitner-system\\backend\\src\\domain\\ports\\primary\\UserServicePort.js": {"path":"D:\\Documents\\Tous_mes_cours_ESGI\\Clean code\\4-AL1-ESGI-leitner-system\\backend\\src\\domain\\ports\\primary\\UserServicePort.js","statementMap":{"0":{"start":{"line":3,"column":8},"end":{"line":3,"column":51}},"1":{"start":{"line":7,"column":8},"end":{"line":7,"column":51}},"2":{"start":{"line":11,"column":8},"end":{"line":11,"column":51}},"3":{"start":{"line":15,"column":8},"end":{"line":15,"column":51}},"4":{"start":{"line":19,"column":0},"end":{"line":19,"column":33}}},"fnMap":{"0":{"name":"(anonymous_0)","decl":{"start":{"line":2,"column":4},"end":{"line":2,"column":5}},"loc":{"start":{"line":2,"column":25},"end":{"line":4,"column":5}},"line":2},"1":{"name":"(anonymous_1)","decl":{"start":{"line":6,"column":4},"end":{"line":6,"column":5}},"loc":{"start":{"line":6,"column":24},"end":{"line":8,"column":5}},"line":6},"2":{"name":"(anonymous_2)","decl":{"start":{"line":10,"column":4},"end":{"line":10,"column":5}},"loc":{"start":{"line":10,"column":38},"end":{"line":12,"column":5}},"line":10},"3":{"name":"(anonymous_3)","decl":{"start":{"line":14,"column":4},"end":{"line":14,"column":5}},"loc":{"start":{"line":14,"column":38},"end":{"line":16,"column":5}},"line":14}},"branchMap":{},"s":{"0":0,"1":0,"2":0,"3":0,"4":0},"f":{"0":0,"1":0,"2":0,"3":0},"b":{}}
,"D:\\Documents\\Tous_mes_cours_ESGI\\Clean code\\4-AL1-ESGI-leitner-system\\backend\\src\\domain\\services\\primary\\CardService.js": {"path":"D:\\Documents\\Tous_mes_cours_ESGI\\Clean code\\4-AL1-ESGI-leitner-system\\backend\\src\\domain\\services\\primary\\CardService.js","statementMap":{"0":{"start":{"line":1,"column":13},"end":{"line":1,"column":41}},"1":{"start":{"line":5,"column":8},"end":{"line":5,"column":31}},"2":{"start":{"line":9,"column":21},"end":{"line":9,"column":39}},"3":{"start":{"line":10,"column":8},"end":{"line":10,"column":38}},"4":{"start":{"line":11,"column":8},"end":{"line":11,"column":20}},"5":{"start":{"line":15,"column":8},"end":{"line":17,"column":9}},"6":{"start":{"line":16,"column":12},"end":{"line":16,"column":46}},"7":{"start":{"line":18,"column":8},"end":{"line":18,"column":38}},"8":{"start":{"line":22,"column":21},"end":{"line":22,"column":45}},"9":{"start":{"line":23,"column":8},"end":{"line":23,"column":41}},"10":{"start":{"line":24,"column":8},"end":{"line":24,"column":20}},"11":{"start":{"line":28,"column":21},"end":{"line":28,"column":45}},"12":{"start":{"line":29,"column":8},"end":{"line":29,"column":31}},"13":{"start":{"line":30,"column":8},"end":{"line":30,"column":20}},"14":{"start":{"line":34,"column":21},"end":{"line":34,"column":45}},"15":{"start":{"line":35,"column":8},"end":{"line":35,"column":33}},"16":{"start":{"line":36,"column":8},"end":{"line":36,"column":20}},"17":{"start":{"line":40,"column":0},"end":{"line":40,"column":29}}},"fnMap":{"0":{"name":"(anonymous_0)","decl":{"start":{"line":4,"column":4},"end":{"line":4,"column":5}},"loc":{"start":{"line":4,"column":18},"end":{"line":6,"column":5}},"line":4},"1":{"name":"(anonymous_1)","decl":{"start":{"line":8,"column":4},"end":{"line":8,"column":5}},"loc":{"start":{"line":8,"column":25},"end":{"line":12,"column":5}},"line":8},"2":{"name":"(anonymous_2)","decl":{"start":{"line":14,"column":4},"end":{"line":14,"column":5}},"loc":{"start":{"line":14,"column":24},"end":{"line":19,"column":5}},"line":14},"3":{"name":"(anonymous_3)","decl":{"start":{"line":21,"column":4},"end":{"line":21,"column":5}},"loc":{"start":{"line":21,"column":36},"end":{"line":25,"column":5}},"line":21},"4":{"name":"(anonymous_4)","decl":{"start":{"line":27,"column":4},"end":{"line":27,"column":5}},"loc":{"start":{"line":27,"column":32},"end":{"line":31,"column":5}},"line":27},"5":{"name":"(anonymous_5)","decl":{"start":{"line":33,"column":4},"end":{"line":33,"column":5}},"loc":{"start":{"line":33,"column":34},"end":{"line":37,"column":5}},"line":33}},"branchMap":{"0":{"loc":{"start":{"line":15,"column":8},"end":{"line":17,"column":9}},"type":"if","locations":[{"start":{"line":15,"column":8},"end":{"line":17,"column":9}},{"start":{},"end":{}}],"line":15}},"s":{"0":2,"1":6,"2":5,"3":5,"4":5,"5":6,"6":1,"7":5,"8":1,"9":1,"10":1,"11":2,"12":2,"13":2,"14":1,"15":1,"16":1,"17":2},"f":{"0":6,"1":5,"2":6,"3":1,"4":2,"5":1},"b":{"0":[1,5]},"_coverageSchema":"1a1c01bbd47fc00a2c39e90264f33305004495a9","hash":"ba07c1ca435012241c8878272fcdb0f09a284b6f"}
,"D:\\Documents\\Tous_mes_cours_ESGI\\Clean code\\4-AL1-ESGI-leitner-system\\backend\\src\\domain\\services\\primary\\QuizService.js": {"path":"D:\\Documents\\Tous_mes_cours_ESGI\\Clean code\\4-AL1-ESGI-leitner-system\\backend\\src\\domain\\services\\primary\\QuizService.js","statementMap":{"0":{"start":{"line":1,"column":13},"end":{"line":1,"column":41}},"1":{"start":{"line":5,"column":8},"end":{"line":5,"column":32}},"2":{"start":{"line":9,"column":21},"end":{"line":9,"column":39}},"3":{"start":{"line":10,"column":8},"end":{"line":10,"column":39}},"4":{"start":{"line":11,"column":8},"end":{"line":11,"column":20}},"5":{"start":{"line":15,"column":21},"end":{"line":15,"column":45}},"6":{"start":{"line":16,"column":8},"end":{"line":16,"column":21}},"7":{"start":{"line":17,"column":8},"end":{"line":17,"column":20}},"8":{"start":{"line":21,"column":21},"end":{"line":21,"column":45}},"9":{"start":{"line":22,"column":8},"end":{"line":22,"column":45}},"10":{"start":{"line":23,"column":8},"end":{"line":23,"column":20}},"11":{"start":{"line":27,"column":21},"end":{"line":27,"column":45}},"12":{"start":{"line":28,"column":8},"end":{"line":28,"column":24}},"13":{"start":{"line":29,"column":8},"end":{"line":29,"column":20}},"14":{"start":{"line":33,"column":21},"end":{"line":33,"column":45}},"15":{"start":{"line":34,"column":8},"end":{"line":34,"column":34}},"16":{"start":{"line":38,"column":8},"end":{"line":40,"column":9}},"17":{"start":{"line":39,"column":12},"end":{"line":39,"column":46}},"18":{"start":{"line":41,"column":8},"end":{"line":41,"column":39}},"19":{"start":{"line":45,"column":0},"end":{"line":45,"column":29}}},"fnMap":{"0":{"name":"(anonymous_0)","decl":{"start":{"line":4,"column":4},"end":{"line":4,"column":5}},"loc":{"start":{"line":4,"column":18},"end":{"line":6,"column":5}},"line":4},"1":{"name":"(anonymous_1)","decl":{"start":{"line":8,"column":4},"end":{"line":8,"column":5}},"loc":{"start":{"line":8,"column":25},"end":{"line":12,"column":5}},"line":8},"2":{"name":"(anonymous_2)","decl":{"start":{"line":14,"column":4},"end":{"line":14,"column":5}},"loc":{"start":{"line":14,"column":22},"end":{"line":18,"column":5}},"line":14},"3":{"name":"(anonymous_3)","decl":{"start":{"line":20,"column":4},"end":{"line":20,"column":5}},"loc":{"start":{"line":20,"column":44},"end":{"line":24,"column":5}},"line":20},"4":{"name":"(anonymous_4)","decl":{"start":{"line":26,"column":4},"end":{"line":26,"column":5}},"loc":{"start":{"line":26,"column":25},"end":{"line":30,"column":5}},"line":26},"5":{"name":"(anonymous_5)","decl":{"start":{"line":32,"column":4},"end":{"line":32,"column":5}},"loc":{"start":{"line":32,"column":28},"end":{"line":35,"column":5}},"line":32},"6":{"name":"(anonymous_6)","decl":{"start":{"line":37,"column":4},"end":{"line":37,"column":5}},"loc":{"start":{"line":37,"column":24},"end":{"line":42,"column":5}},"line":37}},"branchMap":{"0":{"loc":{"start":{"line":38,"column":8},"end":{"line":40,"column":9}},"type":"if","locations":[{"start":{"line":38,"column":8},"end":{"line":40,"column":9}},{"start":{},"end":{}}],"line":38}},"s":{"0":2,"1":6,"2":5,"3":5,"4":5,"5":5,"6":5,"7":4,"8":3,"9":3,"10":3,"11":1,"12":1,"13":1,"14":1,"15":0,"16":10,"17":1,"18":9,"19":2},"f":{"0":6,"1":5,"2":5,"3":3,"4":1,"5":1,"6":10},"b":{"0":[1,9]},"_coverageSchema":"1a1c01bbd47fc00a2c39e90264f33305004495a9","hash":"1d2e71dfea76691e6318938513a00226eebbb2b6"}
,"D:\\Documents\\Tous_mes_cours_ESGI\\Clean code\\4-AL1-ESGI-leitner-system\\backend\\src\\domain\\services\\primary\\UserService.js": {"path":"D:\\Documents\\Tous_mes_cours_ESGI\\Clean code\\4-AL1-ESGI-leitner-system\\backend\\src\\domain\\services\\primary\\UserService.js","statementMap":{"0":{"start":{"line":1,"column":13},"end":{"line":1,"column":41}},"1":{"start":{"line":5,"column":8},"end":{"line":5,"column":31}},"2":{"start":{"line":9,"column":21},"end":{"line":9,"column":39}},"3":{"start":{"line":10,"column":8},"end":{"line":10,"column":38}},"4":{"start":{"line":11,"column":8},"end":{"line":11,"column":20}},"5":{"start":{"line":15,"column":8},"end":{"line":17,"column":9}},"6":{"start":{"line":16,"column":12},"end":{"line":16,"column":46}},"7":{"start":{"line":18,"column":8},"end":{"line":18,"column":38}},"8":{"start":{"line":22,"column":21},"end":{"line":22,"column":74}},"9":{"start":{"line":22,"column":56},"end":{"line":22,"column":73}},"10":{"start":{"line":23,"column":8},"end":{"line":25,"column":9}},"11":{"start":{"line":24,"column":12},"end":{"line":24,"column":25}},"12":{"start":{"line":26,"column":8},"end":{"line":26,"column":51}},"13":{"start":{"line":30,"column":21},"end":{"line":30,"column":45}},"14":{"start":{"line":31,"column":8},"end":{"line":31,"column":39}},"15":{"start":{"line":35,"column":0},"end":{"line":35,"column":29}}},"fnMap":{"0":{"name":"(anonymous_0)","decl":{"start":{"line":4,"column":4},"end":{"line":4,"column":5}},"loc":{"start":{"line":4,"column":18},"end":{"line":6,"column":5}},"line":4},"1":{"name":"(anonymous_1)","decl":{"start":{"line":8,"column":4},"end":{"line":8,"column":5}},"loc":{"start":{"line":8,"column":25},"end":{"line":12,"column":5}},"line":8},"2":{"name":"(anonymous_2)","decl":{"start":{"line":14,"column":4},"end":{"line":14,"column":5}},"loc":{"start":{"line":14,"column":24},"end":{"line":19,"column":5}},"line":14},"3":{"name":"(anonymous_3)","decl":{"start":{"line":21,"column":4},"end":{"line":21,"column":5}},"loc":{"start":{"line":21,"column":44},"end":{"line":27,"column":5}},"line":21},"4":{"name":"(anonymous_4)","decl":{"start":{"line":22,"column":51},"end":{"line":22,"column":52}},"loc":{"start":{"line":22,"column":56},"end":{"line":22,"column":73}},"line":22},"5":{"name":"(anonymous_5)","decl":{"start":{"line":29,"column":4},"end":{"line":29,"column":5}},"loc":{"start":{"line":29,"column":38},"end":{"line":32,"column":5}},"line":29}},"branchMap":{"0":{"loc":{"start":{"line":15,"column":8},"end":{"line":17,"column":9}},"type":"if","locations":[{"start":{"line":15,"column":8},"end":{"line":17,"column":9}},{"start":{},"end":{}}],"line":15},"1":{"loc":{"start":{"line":23,"column":8},"end":{"line":25,"column":9}},"type":"if","locations":[{"start":{"line":23,"column":8},"end":{"line":25,"column":9}},{"start":{},"end":{}}],"line":23}},"s":{"0":2,"1":7,"2":6,"3":6,"4":6,"5":5,"6":1,"7":4,"8":2,"9":2,"10":2,"11":0,"12":2,"13":2,"14":2,"15":2},"f":{"0":7,"1":6,"2":5,"3":2,"4":2,"5":2},"b":{"0":[1,4],"1":[0,2]},"_coverageSchema":"1a1c01bbd47fc00a2c39e90264f33305004495a9","hash":"52ef8af2d724c511100c8248fc8813007db6e4d9"}
}
