TN:
SF:src\adaptors\primary\CardController.js
FN:5,(anonymous_0)
FN:11,(anonymous_1)
FN:17,(anonymous_2)
FN:26,(anonymous_3)
FN:35,(anonymous_4)
FNF:5
FNH:5
FNDA:1,(anonymous_0)
FNDA:1,(anonymous_1)
FNDA:1,(anonymous_2)
FNDA:2,(anonymous_3)
FNDA:2,(anonymous_4)
DA:1,1
DA:2,1
DA:6,1
DA:7,1
DA:8,1
DA:12,1
DA:13,1
DA:14,1
DA:18,1
DA:19,1
DA:20,1
DA:22,0
DA:27,2
DA:28,2
DA:29,2
DA:31,0
DA:36,2
DA:37,2
DA:38,2
DA:39,0
DA:41,2
DA:45,2
DA:47,0
DA:48,0
DA:53,1
LF:25
LH:20
BRDA:38,0,0,0
BRDA:38,0,1,2
BRDA:41,1,0,1
BRDA:41,1,1,1
BRDA:47,2,0,0
BRDA:47,2,1,0
BRF:6
BRH:3
end_of_record
TN:
SF:src\adaptors\primary\QuizController.js
FN:5,(anonymous_0)
FN:11,(anonymous_1)
FN:18,(anonymous_2)
FN:27,(anonymous_3)
FN:36,(anonymous_4)
FN:50,(anonymous_5)
FNF:6
FNH:6
FNDA:1,(anonymous_0)
FNDA:1,(anonymous_1)
FNDA:1,(anonymous_2)
FNDA:2,(anonymous_3)
FNDA:1,(anonymous_4)
FNDA:1,(anonymous_5)
DA:1,1
DA:2,1
DA:6,1
DA:7,1
DA:8,1
DA:12,1
DA:13,1
DA:14,1
DA:15,1
DA:19,1
DA:20,1
DA:21,1
DA:23,0
DA:28,2
DA:29,2
DA:30,2
DA:32,0
DA:37,1
DA:38,1
DA:39,1
DA:40,0
DA:42,1
DA:43,1
DA:45,0
DA:46,0
DA:51,1
DA:52,1
DA:53,1
DA:55,0
DA:60,1
LF:30
LH:24
BRDA:39,0,0,0
BRDA:39,0,1,1
BRDA:39,1,0,1
BRDA:39,1,1,1
BRDA:45,2,0,0
BRDA:45,2,1,0
BRF:6
BRH:3
end_of_record
TN:
SF:src\adaptors\primary\UserController.js
FN:5,(anonymous_0)
FN:11,(anonymous_1)
FN:17,(anonymous_2)
FN:26,(anonymous_3)
FN:39,(anonymous_4)
FNF:5
FNH:4
FNDA:1,(anonymous_0)
FNDA:1,(anonymous_1)
FNDA:1,(anonymous_2)
FNDA:2,(anonymous_3)
FNDA:0,(anonymous_4)
DA:1,1
DA:2,1
DA:6,1
DA:7,1
DA:8,1
DA:12,1
DA:13,1
DA:14,1
DA:18,1
DA:19,1
DA:20,1
DA:22,0
DA:27,2
DA:28,2
DA:29,2
DA:30,2
DA:31,2
DA:33,0
DA:35,0
DA:40,0
DA:41,0
DA:42,0
DA:44,0
DA:49,1
LF:24
LH:17
BRDA:30,0,0,2
BRDA:30,0,1,0
BRF:2
BRH:1
end_of_record
TN:
SF:src\domain\models\Card.js
FN:6,(anonymous_0)
FN:17,(anonymous_1)
FN:26,(anonymous_2)
FN:34,(anonymous_3)
FNF:4
FNH:4
FNDA:44,(anonymous_0)
FNDA:44,(anonymous_1)
FNDA:13,(anonymous_2)
FNDA:2,(anonymous_3)
DA:1,5
DA:4,5
DA:7,44
DA:9,42
DA:10,42
DA:11,42
DA:12,42
DA:13,42
DA:14,42
DA:18,44
DA:19,1
DA:21,43
DA:22,1
DA:27,13
DA:28,13
DA:29,12
DA:31,13
DA:35,2
DA:36,2
DA:40,5
LF:20
LH:20
BRDA:18,0,0,1
BRDA:18,0,1,43
BRDA:21,1,0,1
BRDA:21,1,1,42
BRDA:28,2,0,12
BRDA:28,2,1,1
BRF:6
BRH:6
end_of_record
TN:
SF:src\domain\models\Quiz.js
FN:12,(anonymous_0)
FN:25,(anonymous_1)
FN:34,(anonymous_2)
FN:42,(anonymous_3)
FN:53,(anonymous_4)
FN:57,(anonymous_5)
FN:63,(anonymous_6)
FN:64,(anonymous_7)
FN:67,(anonymous_8)
FN:68,(anonymous_9)
FN:71,(anonymous_10)
FN:82,(anonymous_11)
FN:83,(anonymous_12)
FNF:13
FNH:11
FNDA:14,(anonymous_0)
FNDA:14,(anonymous_1)
FNDA:9,(anonymous_2)
FNDA:3,(anonymous_3)
FNDA:7,(anonymous_4)
FNDA:9,(anonymous_5)
FNDA:3,(anonymous_6)
FNDA:6,(anonymous_7)
FNDA:4,(anonymous_8)
FNDA:8,(anonymous_9)
FNDA:1,(anonymous_10)
FNDA:0,(anonymous_11)
FNDA:0,(anonymous_12)
DA:1,3
DA:4,3
DA:13,14
DA:15,12
DA:16,12
DA:17,12
DA:18,12
DA:19,12
DA:20,12
DA:21,12
DA:22,12
DA:26,14
DA:27,1
DA:29,13
DA:30,1
DA:35,9
DA:36,1
DA:38,8
DA:39,8
DA:43,3
DA:44,1
DA:46,2
DA:47,0
DA:49,2
DA:50,2
DA:54,7
DA:55,0
DA:57,9
DA:58,0
DA:60,7
DA:64,6
DA:68,8
DA:72,1
DA:73,1
DA:74,1
DA:83,0
DA:90,3
LF:37
LH:33
BRDA:17,0,0,12
BRDA:17,0,1,4
BRDA:26,1,0,1
BRDA:26,1,1,13
BRDA:29,2,0,1
BRDA:29,2,1,12
BRDA:29,3,0,13
BRDA:29,3,1,13
BRDA:35,4,0,1
BRDA:35,4,1,8
BRDA:43,5,0,1
BRDA:43,5,1,2
BRDA:46,6,0,0
BRDA:46,6,1,2
BRDA:54,7,0,0
BRDA:54,7,1,7
BRDA:57,8,0,0
BRDA:57,8,1,7
BRF:18
BRH:15
end_of_record
TN:
SF:src\domain\models\User.js
FN:7,(anonymous_0)
FN:18,(anonymous_1)
FN:30,(anonymous_2)
FN:35,(anonymous_3)
FN:40,(anonymous_4)
FN:44,(anonymous_5)
FN:48,(anonymous_6)
FNF:7
FNH:7
FNDA:14,(anonymous_0)
FNDA:14,(anonymous_1)
FNDA:13,(anonymous_2)
FNDA:4,(anonymous_3)
FNDA:11,(anonymous_4)
FNDA:4,(anonymous_5)
FNDA:4,(anonymous_6)
DA:1,3
DA:2,3
DA:8,14
DA:10,11
DA:11,11
DA:12,11
DA:13,11
DA:14,11
DA:15,11
DA:19,14
DA:20,1
DA:22,13
DA:23,1
DA:25,12
DA:26,1
DA:31,13
DA:32,13
DA:36,4
DA:37,4
DA:41,11
DA:45,4
DA:49,4
DA:50,2
DA:52,2
DA:56,3
LF:25
LH:25
BRDA:19,0,0,1
BRDA:19,0,1,13
BRDA:22,1,0,1
BRDA:22,1,1,12
BRDA:25,2,0,1
BRDA:25,2,1,11
BRDA:25,3,0,12
BRDA:25,3,1,12
BRDA:49,4,0,2
BRDA:49,4,1,2
BRF:10
BRH:10
end_of_record
TN:
SF:src\domain\ports\primary\CardServicePort.js
FN:2,(anonymous_0)
FN:6,(anonymous_1)
FN:10,(anonymous_2)
FN:14,(anonymous_3)
FN:18,(anonymous_4)
FNF:5
FNH:0
FNDA:0,(anonymous_0)
FNDA:0,(anonymous_1)
FNDA:0,(anonymous_2)
FNDA:0,(anonymous_3)
FNDA:0,(anonymous_4)
DA:3,0
DA:7,0
DA:11,0
DA:15,0
DA:19,0
DA:23,0
LF:6
LH:0
BRF:0
BRH:0
end_of_record
TN:
SF:src\domain\ports\primary\QuizServicePort.js
FN:2,(anonymous_0)
FN:6,(anonymous_1)
FN:10,(anonymous_2)
FN:14,(anonymous_3)
FN:18,(anonymous_4)
FNF:5
FNH:0
FNDA:0,(anonymous_0)
FNDA:0,(anonymous_1)
FNDA:0,(anonymous_2)
FNDA:0,(anonymous_3)
FNDA:0,(anonymous_4)
DA:3,0
DA:7,0
DA:11,0
DA:15,0
DA:19,0
DA:23,0
LF:6
LH:0
BRF:0
BRH:0
end_of_record
TN:
SF:src\domain\ports\primary\UserServicePort.js
FN:2,(anonymous_0)
FN:6,(anonymous_1)
FN:10,(anonymous_2)
FN:14,(anonymous_3)
FNF:4
FNH:0
FNDA:0,(anonymous_0)
FNDA:0,(anonymous_1)
FNDA:0,(anonymous_2)
FNDA:0,(anonymous_3)
DA:3,0
DA:7,0
DA:11,0
DA:15,0
DA:19,0
LF:5
LH:0
BRF:0
BRH:0
end_of_record
TN:
SF:src\domain\services\primary\CardService.js
FN:4,(anonymous_0)
FN:8,(anonymous_1)
FN:14,(anonymous_2)
FN:21,(anonymous_3)
FN:27,(anonymous_4)
FN:33,(anonymous_5)
FNF:6
FNH:6
FNDA:6,(anonymous_0)
FNDA:5,(anonymous_1)
FNDA:6,(anonymous_2)
FNDA:1,(anonymous_3)
FNDA:2,(anonymous_4)
FNDA:1,(anonymous_5)
DA:1,2
DA:5,6
DA:9,5
DA:10,5
DA:11,5
DA:15,6
DA:16,1
DA:18,5
DA:22,1
DA:23,1
DA:24,1
DA:28,2
DA:29,2
DA:30,2
DA:34,1
DA:35,1
DA:36,1
DA:40,2
LF:18
LH:18
BRDA:15,0,0,1
BRDA:15,0,1,5
BRF:2
BRH:2
end_of_record
TN:
SF:src\domain\services\primary\QuizService.js
FN:4,(anonymous_0)
FN:8,(anonymous_1)
FN:14,(anonymous_2)
FN:20,(anonymous_3)
FN:26,(anonymous_4)
FN:32,(anonymous_5)
FN:37,(anonymous_6)
FNF:7
FNH:7
FNDA:6,(anonymous_0)
FNDA:5,(anonymous_1)
FNDA:5,(anonymous_2)
FNDA:3,(anonymous_3)
FNDA:1,(anonymous_4)
FNDA:1,(anonymous_5)
FNDA:10,(anonymous_6)
DA:1,2
DA:5,6
DA:9,5
DA:10,5
DA:11,5
DA:15,5
DA:16,5
DA:17,4
DA:21,3
DA:22,3
DA:23,3
DA:27,1
DA:28,1
DA:29,1
DA:33,1
DA:34,0
DA:38,10
DA:39,1
DA:41,9
DA:45,2
LF:20
LH:19
BRDA:38,0,0,1
BRDA:38,0,1,9
BRF:2
BRH:2
end_of_record
TN:
SF:src\domain\services\primary\UserService.js
FN:4,(anonymous_0)
FN:8,(anonymous_1)
FN:14,(anonymous_2)
FN:21,(anonymous_3)
FN:22,(anonymous_4)
FN:29,(anonymous_5)
FNF:6
FNH:6
FNDA:7,(anonymous_0)
FNDA:6,(anonymous_1)
FNDA:5,(anonymous_2)
FNDA:2,(anonymous_3)
FNDA:2,(anonymous_4)
FNDA:2,(anonymous_5)
DA:1,2
DA:5,7
DA:9,6
DA:10,6
DA:11,6
DA:15,5
DA:16,1
DA:18,4
DA:22,2
DA:23,2
DA:24,0
DA:26,2
DA:30,2
DA:31,2
DA:35,2
LF:15
LH:14
BRDA:15,0,0,1
BRDA:15,0,1,4
BRDA:23,1,0,0
BRDA:23,1,1,2
BRF:4
BRH:3
end_of_record
